/home/drone/.local/lib/python3.10/site-packages/setuptools/_distutils/dist.py:261: UserWarning: Unknown distribution option: 'tests_require'
  warnings.warn(msg)
running egg_info
writing ../../build/cam_stream/cam_stream.egg-info/PKG-INFO
writing dependency_links to ../../build/cam_stream/cam_stream.egg-info/dependency_links.txt
writing entry points to ../../build/cam_stream/cam_stream.egg-info/entry_points.txt
writing requirements to ../../build/cam_stream/cam_stream.egg-info/requires.txt
writing top-level names to ../../build/cam_stream/cam_stream.egg-info/top_level.txt
reading manifest file '../../build/cam_stream/cam_stream.egg-info/SOURCES.txt'
writing manifest file '../../build/cam_stream/cam_stream.egg-info/SOURCES.txt'
running build
running build_py
copying cam_stream/__init__.py -> /home/drone/camera-stream/cam_stream_ws/build/cam_stream/build/lib/cam_stream
copying cam_stream/camera_publisher.py -> /home/drone/camera-stream/cam_stream_ws/build/cam_stream/build/lib/cam_stream
running install
running install_lib
running install_data
copying resource/cam_stream -> /home/drone/camera-stream/cam_stream_ws/install/cam_stream/share/ament_index/resource_index/packages
copying package.xml -> /home/drone/camera-stream/cam_stream_ws/install/cam_stream/share/cam_stream
running install_egg_info
removing '/home/drone/camera-stream/cam_stream_ws/install/cam_stream/lib/python3.10/site-packages/cam_stream-0.0.0-py3.10.egg-info' (and everything under it)
Copying ../../build/cam_stream/cam_stream.egg-info to /home/drone/camera-stream/cam_stream_ws/install/cam_stream/lib/python3.10/site-packages/cam_stream-0.0.0-py3.10.egg-info
running install_scripts
Installing camera_publish script to /home/drone/camera-stream/cam_stream_ws/install/cam_stream/lib/cam_stream
writing list of installed files to '/home/drone/camera-stream/cam_stream_ws/build/cam_stream/install.log'
