[3.018s] Invoking command in '/home/drone/camera-stream/cam_stream_ws/src/cam_stream': PYTHONPATH=/home/drone/camera-stream/cam_stream_ws/build/cam_stream/prefix_override:/usr/lib/python3/dist-packages/colcon_core/task/python/colcon_distutils_commands:/home/drone/camera-stream/cam_stream_ws/install/cam_stream/lib/python3.10/site-packages:${PYTHONPATH} /usr/bin/python3 -W ignore:setup.py install is deprecated -W ignore:easy_install command is deprecated setup.py egg_info --egg-base ../../build/cam_stream build --build-base /home/drone/camera-stream/cam_stream_ws/build/cam_stream/build install --record /home/drone/camera-stream/cam_stream_ws/build/cam_stream/install.log --single-version-externally-managed install_data
[3.634s] /home/drone/.local/lib/python3.10/site-packages/setuptools/_distutils/dist.py:261: UserWarning: Unknown distribution option: 'tests_require'
[3.634s]   warnings.warn(msg)
[4.011s] running egg_info
[4.071s] writing ../../build/cam_stream/cam_stream.egg-info/PKG-INFO
[4.073s] writing dependency_links to ../../build/cam_stream/cam_stream.egg-info/dependency_links.txt
[4.074s] writing entry points to ../../build/cam_stream/cam_stream.egg-info/entry_points.txt
[4.075s] writing requirements to ../../build/cam_stream/cam_stream.egg-info/requires.txt
[4.076s] writing top-level names to ../../build/cam_stream/cam_stream.egg-info/top_level.txt
[4.203s] reading manifest file '../../build/cam_stream/cam_stream.egg-info/SOURCES.txt'
[4.209s] writing manifest file '../../build/cam_stream/cam_stream.egg-info/SOURCES.txt'
[4.209s] running build
[4.210s] running build_py
[4.211s] copying cam_stream/__init__.py -> /home/drone/camera-stream/cam_stream_ws/build/cam_stream/build/lib/cam_stream
[4.212s] copying cam_stream/camera_publisher.py -> /home/drone/camera-stream/cam_stream_ws/build/cam_stream/build/lib/cam_stream
[4.214s] running install
[4.232s] running install_lib
[4.295s] running install_data
[4.296s] copying resource/cam_stream -> /home/drone/camera-stream/cam_stream_ws/install/cam_stream/share/ament_index/resource_index/packages
[4.297s] copying package.xml -> /home/drone/camera-stream/cam_stream_ws/install/cam_stream/share/cam_stream
[4.298s] running install_egg_info
[4.363s] removing '/home/drone/camera-stream/cam_stream_ws/install/cam_stream/lib/python3.10/site-packages/cam_stream-0.0.0-py3.10.egg-info' (and everything under it)
[4.365s] Copying ../../build/cam_stream/cam_stream.egg-info to /home/drone/camera-stream/cam_stream_ws/install/cam_stream/lib/python3.10/site-packages/cam_stream-0.0.0-py3.10.egg-info
[4.370s] running install_scripts
[4.936s] Installing camera_publish script to /home/drone/camera-stream/cam_stream_ws/install/cam_stream/lib/cam_stream
[4.938s] writing list of installed files to '/home/drone/camera-stream/cam_stream_ws/build/cam_stream/install.log'
[5.063s] Invoked command in '/home/drone/camera-stream/cam_stream_ws/src/cam_stream' returned '0': PYTHONPATH=/home/drone/camera-stream/cam_stream_ws/build/cam_stream/prefix_override:/usr/lib/python3/dist-packages/colcon_core/task/python/colcon_distutils_commands:/home/drone/camera-stream/cam_stream_ws/install/cam_stream/lib/python3.10/site-packages:${PYTHONPATH} /usr/bin/python3 -W ignore:setup.py install is deprecated -W ignore:easy_install command is deprecated setup.py egg_info --egg-base ../../build/cam_stream build --build-base /home/drone/camera-stream/cam_stream_ws/build/cam_stream/build install --record /home/drone/camera-stream/cam_stream_ws/build/cam_stream/install.log --single-version-externally-managed install_data
