[3.573s] Invoking command in '/home/drone/camera-stream/cam_stream_ws/src/cam_stream': PYTHONPATH=/home/drone/camera-stream/cam_stream_ws/build/cam_stream/prefix_override:/usr/lib/python3/dist-packages/colcon_core/task/python/colcon_distutils_commands:/home/drone/camera-stream/cam_stream_ws/install/cam_stream/lib/python3.10/site-packages:${PYTHONPATH} /usr/bin/python3 -W ignore:setup.py install is deprecated -W ignore:easy_install command is deprecated setup.py egg_info --egg-base ../../build/cam_stream build --build-base /home/drone/camera-stream/cam_stream_ws/build/cam_stream/build install --record /home/drone/camera-stream/cam_stream_ws/build/cam_stream/install.log --single-version-externally-managed install_data
[4.200s] /home/drone/.local/lib/python3.10/site-packages/setuptools/_distutils/dist.py:261: UserWarning: Unknown distribution option: 'tests_require'
[4.200s]   warnings.warn(msg)
[4.578s] running egg_info
[4.638s] creating ../../build/cam_stream/cam_stream.egg-info
[4.639s] writing ../../build/cam_stream/cam_stream.egg-info/PKG-INFO
[4.641s] writing dependency_links to ../../build/cam_stream/cam_stream.egg-info/dependency_links.txt
[4.642s] writing entry points to ../../build/cam_stream/cam_stream.egg-info/entry_points.txt
[4.643s] writing requirements to ../../build/cam_stream/cam_stream.egg-info/requires.txt
[4.644s] writing top-level names to ../../build/cam_stream/cam_stream.egg-info/top_level.txt
[4.644s] writing manifest file '../../build/cam_stream/cam_stream.egg-info/SOURCES.txt'
[4.771s] reading manifest file '../../build/cam_stream/cam_stream.egg-info/SOURCES.txt'
[4.775s] writing manifest file '../../build/cam_stream/cam_stream.egg-info/SOURCES.txt'
[4.776s] running build
[4.777s] running build_py
[4.777s] creating /home/drone/camera-stream/cam_stream_ws/build/cam_stream/build/lib/cam_stream
[4.778s] copying cam_stream/__init__.py -> /home/drone/camera-stream/cam_stream_ws/build/cam_stream/build/lib/cam_stream
[4.779s] copying cam_stream/camera_publisher.py -> /home/drone/camera-stream/cam_stream_ws/build/cam_stream/build/lib/cam_stream
[4.781s] running install
[4.799s] running install_lib
[4.859s] creating /home/drone/camera-stream/cam_stream_ws/install/cam_stream/lib/python3.10/site-packages/cam_stream
[4.859s] copying /home/drone/camera-stream/cam_stream_ws/build/cam_stream/build/lib/cam_stream/__init__.py -> /home/drone/camera-stream/cam_stream_ws/install/cam_stream/lib/python3.10/site-packages/cam_stream
[4.861s] copying /home/drone/camera-stream/cam_stream_ws/build/cam_stream/build/lib/cam_stream/camera_publisher.py -> /home/drone/camera-stream/cam_stream_ws/install/cam_stream/lib/python3.10/site-packages/cam_stream
[4.863s] byte-compiling /home/drone/camera-stream/cam_stream_ws/install/cam_stream/lib/python3.10/site-packages/cam_stream/__init__.py to __init__.cpython-310.pyc
[4.865s] byte-compiling /home/drone/camera-stream/cam_stream_ws/install/cam_stream/lib/python3.10/site-packages/cam_stream/camera_publisher.py to camera_publisher.cpython-310.pyc
[4.867s] running install_data
[4.868s] creating /home/drone/camera-stream/cam_stream_ws/install/cam_stream/share/ament_index/resource_index/packages
[4.869s] copying resource/cam_stream -> /home/drone/camera-stream/cam_stream_ws/install/cam_stream/share/ament_index/resource_index/packages
[4.871s] copying package.xml -> /home/drone/camera-stream/cam_stream_ws/install/cam_stream/share/cam_stream
[4.871s] running install_egg_info
[4.937s] Copying ../../build/cam_stream/cam_stream.egg-info to /home/drone/camera-stream/cam_stream_ws/install/cam_stream/lib/python3.10/site-packages/cam_stream-0.0.0-py3.10.egg-info
[4.942s] running install_scripts
[5.511s] Installing camera_publish script to /home/drone/camera-stream/cam_stream_ws/install/cam_stream/lib/cam_stream
[5.512s] writing list of installed files to '/home/drone/camera-stream/cam_stream_ws/build/cam_stream/install.log'
[5.639s] Invoked command in '/home/drone/camera-stream/cam_stream_ws/src/cam_stream' returned '0': PYTHONPATH=/home/drone/camera-stream/cam_stream_ws/build/cam_stream/prefix_override:/usr/lib/python3/dist-packages/colcon_core/task/python/colcon_distutils_commands:/home/drone/camera-stream/cam_stream_ws/install/cam_stream/lib/python3.10/site-packages:${PYTHONPATH} /usr/bin/python3 -W ignore:setup.py install is deprecated -W ignore:easy_install command is deprecated setup.py egg_info --egg-base ../../build/cam_stream build --build-base /home/drone/camera-stream/cam_stream_ws/build/cam_stream/build install --record /home/drone/camera-stream/cam_stream_ws/build/cam_stream/install.log --single-version-externally-managed install_data
