[3.860s] Invoking command in '/home/drone/camera-stream/cam_stream_ws/src/cam_stream': PYTHONPATH=/home/drone/camera-stream/cam_stream_ws/build/cam_stream/prefix_override:/usr/lib/python3/dist-packages/colcon_core/task/python/colcon_distutils_commands:/home/drone/camera-stream/cam_stream_ws/install/cam_stream/lib/python3.10/site-packages:${PYTHONPATH} /usr/bin/python3 -W ignore:setup.py install is deprecated -W ignore:easy_install command is deprecated setup.py egg_info --egg-base ../../build/cam_stream build --build-base /home/drone/camera-stream/cam_stream_ws/build/cam_stream/build install --record /home/drone/camera-stream/cam_stream_ws/build/cam_stream/install.log --single-version-externally-managed install_data
[4.492s] /home/drone/.local/lib/python3.10/site-packages/setuptools/_distutils/dist.py:261: UserWarning: Unknown distribution option: 'tests_require'
[4.492s]   warnings.warn(msg)
[4.871s] running egg_info
[4.930s] writing ../../build/cam_stream/cam_stream.egg-info/PKG-INFO
[4.933s] writing dependency_links to ../../build/cam_stream/cam_stream.egg-info/dependency_links.txt
[4.934s] writing entry points to ../../build/cam_stream/cam_stream.egg-info/entry_points.txt
[4.935s] writing requirements to ../../build/cam_stream/cam_stream.egg-info/requires.txt
[4.936s] writing top-level names to ../../build/cam_stream/cam_stream.egg-info/top_level.txt
[5.066s] reading manifest file '../../build/cam_stream/cam_stream.egg-info/SOURCES.txt'
[5.073s] writing manifest file '../../build/cam_stream/cam_stream.egg-info/SOURCES.txt'
[5.073s] running build
[5.074s] running build_py
[5.075s] copying cam_stream/__init__.py -> /home/drone/camera-stream/cam_stream_ws/build/cam_stream/build/lib/cam_stream
[5.076s] copying cam_stream/camera_publisher.py -> /home/drone/camera-stream/cam_stream_ws/build/cam_stream/build/lib/cam_stream
[5.078s] running install
[5.099s] running install_lib
[5.162s] running install_data
[5.163s] copying resource/cam_stream -> /home/drone/camera-stream/cam_stream_ws/install/cam_stream/share/ament_index/resource_index/packages
[5.165s] copying package.xml -> /home/drone/camera-stream/cam_stream_ws/install/cam_stream/share/cam_stream
[5.166s] running install_egg_info
[5.231s] removing '/home/drone/camera-stream/cam_stream_ws/install/cam_stream/lib/python3.10/site-packages/cam_stream-0.0.0-py3.10.egg-info' (and everything under it)
[5.233s] Copying ../../build/cam_stream/cam_stream.egg-info to /home/drone/camera-stream/cam_stream_ws/install/cam_stream/lib/python3.10/site-packages/cam_stream-0.0.0-py3.10.egg-info
[5.239s] running install_scripts
[5.807s] Installing camera_publish script to /home/drone/camera-stream/cam_stream_ws/install/cam_stream/lib/cam_stream
[5.809s] writing list of installed files to '/home/drone/camera-stream/cam_stream_ws/build/cam_stream/install.log'
[5.935s] Invoked command in '/home/drone/camera-stream/cam_stream_ws/src/cam_stream' returned '0': PYTHONPATH=/home/drone/camera-stream/cam_stream_ws/build/cam_stream/prefix_override:/usr/lib/python3/dist-packages/colcon_core/task/python/colcon_distutils_commands:/home/drone/camera-stream/cam_stream_ws/install/cam_stream/lib/python3.10/site-packages:${PYTHONPATH} /usr/bin/python3 -W ignore:setup.py install is deprecated -W ignore:easy_install command is deprecated setup.py egg_info --egg-base ../../build/cam_stream build --build-base /home/drone/camera-stream/cam_stream_ws/build/cam_stream/build install --record /home/drone/camera-stream/cam_stream_ws/build/cam_stream/install.log --single-version-externally-managed install_data
