[0.444s] DEBUG:colcon:Command line arguments: ['/usr/bin/colcon', 'build', '--packages-select', 'cam_stream']
[0.444s] DEBUG:colcon:Parsed command line arguments: Namespace(log_base=None, log_level=None, verb_name='build', build_base='build', install_base='install', merge_install=False, symlink_install=False, test_result_base=None, continue_on_error=False, executor='parallel', parallel_workers=4, event_handlers=None, ignore_user_meta=False, metas=['./colcon.meta'], base_paths=['.'], packages_ignore=None, packages_ignore_regex=None, paths=None, packages_up_to=None, packages_up_to_regex=None, packages_above=None, packages_above_and_dependencies=None, packages_above_depth=None, packages_select_by_dep=None, packages_skip_by_dep=None, packages_skip_up_to=None, packages_select_build_failed=False, packages_skip_build_finished=False, packages_select_test_failures=False, packages_skip_test_passed=False, packages_select=['cam_stream'], packages_skip=None, packages_select_regex=None, packages_skip_regex=None, packages_start=None, packages_end=None, allow_overriding=[], cmake_args=None, cmake_target=None, cmake_target_skip_unavailable=False, cmake_clean_cache=False, cmake_clean_first=False, cmake_force_configure=False, ament_cmake_args=None, catkin_cmake_args=None, catkin_skip_building_tests=False, mixin_files=None, mixin=None, verb_parser=<colcon_mixin.mixin.mixin_argument.MixinArgumentDecorator object at 0xffff8645cf10>, verb_extension=<colcon_core.verb.build.BuildVerb object at 0xffff8645ca60>, main=<bound method BuildVerb.main of <colcon_core.verb.build.BuildVerb object at 0xffff8645ca60>>, mixin_verb=('build',))
[0.600s] Level 1:colcon.colcon_core.package_discovery:discover_packages(colcon_meta) check parameters
[0.601s] Level 1:colcon.colcon_core.package_discovery:discover_packages(recursive) check parameters
[0.601s] Level 1:colcon.colcon_core.package_discovery:discover_packages(ignore) check parameters
[0.601s] Level 1:colcon.colcon_core.package_discovery:discover_packages(path) check parameters
[0.601s] Level 1:colcon.colcon_core.package_discovery:discover_packages(colcon_meta) discover
[0.601s] Level 1:colcon.colcon_core.package_discovery:discover_packages(recursive) discover
[0.601s] INFO:colcon.colcon_core.package_discovery:Crawling recursively for packages in '/home/drone/camera-stream/cam_stream_ws'
[0.602s] Level 1:colcon.colcon_core.package_identification:_identify(.) by extensions ['ignore', 'ignore_ament_install']
[0.602s] Level 1:colcon.colcon_core.package_identification:_identify(.) by extension 'ignore'
[0.602s] Level 1:colcon.colcon_core.package_identification:_identify(.) by extension 'ignore_ament_install'
[0.603s] Level 1:colcon.colcon_core.package_identification:_identify(.) by extensions ['colcon_pkg']
[0.603s] Level 1:colcon.colcon_core.package_identification:_identify(.) by extension 'colcon_pkg'
[0.603s] Level 1:colcon.colcon_core.package_identification:_identify(.) by extensions ['colcon_meta']
[0.603s] Level 1:colcon.colcon_core.package_identification:_identify(.) by extension 'colcon_meta'
[0.603s] Level 1:colcon.colcon_core.package_identification:_identify(.) by extensions ['ros']
[0.603s] Level 1:colcon.colcon_core.package_identification:_identify(.) by extension 'ros'
[0.662s] Level 1:colcon.colcon_core.package_identification:_identify(.) by extensions ['cmake', 'python']
[0.663s] Level 1:colcon.colcon_core.package_identification:_identify(.) by extension 'cmake'
[0.663s] Level 1:colcon.colcon_core.package_identification:_identify(.) by extension 'python'
[0.663s] Level 1:colcon.colcon_core.package_identification:_identify(.) by extensions ['python_setup_py']
[0.663s] Level 1:colcon.colcon_core.package_identification:_identify(.) by extension 'python_setup_py'
[0.664s] Level 1:colcon.colcon_core.package_identification:_identify(build) by extensions ['ignore', 'ignore_ament_install']
[0.664s] Level 1:colcon.colcon_core.package_identification:_identify(build) by extension 'ignore'
[0.664s] Level 1:colcon.colcon_core.package_identification:_identify(build) ignored
[0.665s] Level 1:colcon.colcon_core.package_identification:_identify(install) by extensions ['ignore', 'ignore_ament_install']
[0.665s] Level 1:colcon.colcon_core.package_identification:_identify(install) by extension 'ignore'
[0.665s] Level 1:colcon.colcon_core.package_identification:_identify(install) ignored
[0.666s] Level 1:colcon.colcon_core.package_identification:_identify(log) by extensions ['ignore', 'ignore_ament_install']
[0.666s] Level 1:colcon.colcon_core.package_identification:_identify(log) by extension 'ignore'
[0.666s] Level 1:colcon.colcon_core.package_identification:_identify(log) ignored
[0.667s] Level 1:colcon.colcon_core.package_identification:_identify(src) by extensions ['ignore', 'ignore_ament_install']
[0.667s] Level 1:colcon.colcon_core.package_identification:_identify(src) by extension 'ignore'
[0.667s] Level 1:colcon.colcon_core.package_identification:_identify(src) by extension 'ignore_ament_install'
[0.667s] Level 1:colcon.colcon_core.package_identification:_identify(src) by extensions ['colcon_pkg']
[0.667s] Level 1:colcon.colcon_core.package_identification:_identify(src) by extension 'colcon_pkg'
[0.668s] Level 1:colcon.colcon_core.package_identification:_identify(src) by extensions ['colcon_meta']
[0.668s] Level 1:colcon.colcon_core.package_identification:_identify(src) by extension 'colcon_meta'
[0.668s] Level 1:colcon.colcon_core.package_identification:_identify(src) by extensions ['ros']
[0.668s] Level 1:colcon.colcon_core.package_identification:_identify(src) by extension 'ros'
[0.668s] Level 1:colcon.colcon_core.package_identification:_identify(src) by extensions ['cmake', 'python']
[0.668s] Level 1:colcon.colcon_core.package_identification:_identify(src) by extension 'cmake'
[0.669s] Level 1:colcon.colcon_core.package_identification:_identify(src) by extension 'python'
[0.669s] Level 1:colcon.colcon_core.package_identification:_identify(src) by extensions ['python_setup_py']
[0.669s] Level 1:colcon.colcon_core.package_identification:_identify(src) by extension 'python_setup_py'
[0.669s] Level 1:colcon.colcon_core.package_identification:_identify(src/cam_stream) by extensions ['ignore', 'ignore_ament_install']
[0.670s] Level 1:colcon.colcon_core.package_identification:_identify(src/cam_stream) by extension 'ignore'
[0.670s] Level 1:colcon.colcon_core.package_identification:_identify(src/cam_stream) by extension 'ignore_ament_install'
[0.670s] Level 1:colcon.colcon_core.package_identification:_identify(src/cam_stream) by extensions ['colcon_pkg']
[0.670s] Level 1:colcon.colcon_core.package_identification:_identify(src/cam_stream) by extension 'colcon_pkg'
[0.670s] Level 1:colcon.colcon_core.package_identification:_identify(src/cam_stream) by extensions ['colcon_meta']
[0.670s] Level 1:colcon.colcon_core.package_identification:_identify(src/cam_stream) by extension 'colcon_meta'
[0.671s] Level 1:colcon.colcon_core.package_identification:_identify(src/cam_stream) by extensions ['ros']
[0.671s] Level 1:colcon.colcon_core.package_identification:_identify(src/cam_stream) by extension 'ros'
[0.679s] DEBUG:colcon.colcon_core.package_identification:Package 'src/cam_stream' with type 'ros.ament_python' and name 'cam_stream'
[0.680s] Level 1:colcon.colcon_core.package_discovery:discover_packages(recursive) using defaults
[0.680s] Level 1:colcon.colcon_core.package_discovery:discover_packages(ignore) discover
[0.680s] Level 1:colcon.colcon_core.package_discovery:discover_packages(ignore) using defaults
[0.680s] Level 1:colcon.colcon_core.package_discovery:discover_packages(path) discover
[0.680s] Level 1:colcon.colcon_core.package_discovery:discover_packages(path) using defaults
[0.758s] Level 1:colcon.colcon_core.package_discovery:discover_packages(prefix_path) check parameters
[0.758s] Level 1:colcon.colcon_core.package_discovery:discover_packages(prefix_path) discover
[0.766s] DEBUG:colcon.colcon_installed_package_information.package_discovery:Found 1 installed packages in /home/drone/camera-stream/cam_stream_ws/install
[0.772s] DEBUG:colcon.colcon_installed_package_information.package_discovery:Found 186 installed packages in /opt/ros/humble
[0.777s] Level 1:colcon.colcon_core.package_discovery:discover_packages(prefix_path) using defaults
[0.883s] Level 5:colcon.colcon_core.verb:set package 'cam_stream' build argument 'cmake_args' from command line to 'None'
[0.883s] Level 5:colcon.colcon_core.verb:set package 'cam_stream' build argument 'cmake_target' from command line to 'None'
[0.883s] Level 5:colcon.colcon_core.verb:set package 'cam_stream' build argument 'cmake_target_skip_unavailable' from command line to 'False'
[0.883s] Level 5:colcon.colcon_core.verb:set package 'cam_stream' build argument 'cmake_clean_cache' from command line to 'False'
[0.883s] Level 5:colcon.colcon_core.verb:set package 'cam_stream' build argument 'cmake_clean_first' from command line to 'False'
[0.883s] Level 5:colcon.colcon_core.verb:set package 'cam_stream' build argument 'cmake_force_configure' from command line to 'False'
[0.883s] Level 5:colcon.colcon_core.verb:set package 'cam_stream' build argument 'ament_cmake_args' from command line to 'None'
[0.884s] Level 5:colcon.colcon_core.verb:set package 'cam_stream' build argument 'catkin_cmake_args' from command line to 'None'
[0.884s] Level 5:colcon.colcon_core.verb:set package 'cam_stream' build argument 'catkin_skip_building_tests' from command line to 'False'
[0.884s] DEBUG:colcon.colcon_core.verb:Building package 'cam_stream' with the following arguments: {'ament_cmake_args': None, 'build_base': '/home/drone/camera-stream/cam_stream_ws/build/cam_stream', 'catkin_cmake_args': None, 'catkin_skip_building_tests': False, 'cmake_args': None, 'cmake_clean_cache': False, 'cmake_clean_first': False, 'cmake_force_configure': False, 'cmake_target': None, 'cmake_target_skip_unavailable': False, 'install_base': '/home/drone/camera-stream/cam_stream_ws/install/cam_stream', 'merge_install': False, 'path': '/home/drone/camera-stream/cam_stream_ws/src/cam_stream', 'symlink_install': False, 'test_result_base': None}
[0.884s] INFO:colcon.colcon_core.executor:Executing jobs using 'parallel' executor
[0.888s] DEBUG:colcon.colcon_parallel_executor.executor.parallel:run_until_complete
[0.889s] INFO:colcon.colcon_ros.task.ament_python.build:Building ROS package in '/home/drone/camera-stream/cam_stream_ws/src/cam_stream' with build type 'ament_python'
[0.889s] Level 1:colcon.colcon_core.shell:create_environment_hook('cam_stream', 'ament_prefix_path')
[0.898s] INFO:colcon.colcon_core.plugin_system:Skipping extension 'colcon_core.shell.bat': Not used on non-Windows systems
[0.898s] INFO:colcon.colcon_core.shell:Creating environment hook '/home/drone/camera-stream/cam_stream_ws/install/cam_stream/share/cam_stream/hook/ament_prefix_path.ps1'
[0.901s] INFO:colcon.colcon_core.shell:Creating environment descriptor '/home/drone/camera-stream/cam_stream_ws/install/cam_stream/share/cam_stream/hook/ament_prefix_path.dsv'
[0.903s] INFO:colcon.colcon_core.shell:Creating environment hook '/home/drone/camera-stream/cam_stream_ws/install/cam_stream/share/cam_stream/hook/ament_prefix_path.sh'
[0.907s] INFO:colcon.colcon_core.shell:Skip shell extension 'powershell' for command environment: Not usable outside of PowerShell
[0.907s] DEBUG:colcon.colcon_core.shell:Skip shell extension 'dsv' for command environment
[1.771s] INFO:colcon.colcon_core.task.python.build:Building Python package in '/home/drone/camera-stream/cam_stream_ws/src/cam_stream'
[1.772s] INFO:colcon.colcon_core.shell:Skip shell extension 'powershell' for command environment: Not usable outside of PowerShell
[1.772s] DEBUG:colcon.colcon_core.shell:Skip shell extension 'dsv' for command environment
[3.920s] DEBUG:colcon.colcon_core.event_handler.log_command:Invoking command in '/home/drone/camera-stream/cam_stream_ws/src/cam_stream': PYTHONPATH=/home/drone/camera-stream/cam_stream_ws/build/cam_stream/prefix_override:/usr/lib/python3/dist-packages/colcon_core/task/python/colcon_distutils_commands:/home/drone/camera-stream/cam_stream_ws/install/cam_stream/lib/python3.10/site-packages:${PYTHONPATH} /usr/bin/python3 -W ignore:setup.py install is deprecated -W ignore:easy_install command is deprecated setup.py egg_info --egg-base ../../build/cam_stream build --build-base /home/drone/camera-stream/cam_stream_ws/build/cam_stream/build install --record /home/drone/camera-stream/cam_stream_ws/build/cam_stream/install.log --single-version-externally-managed install_data
[5.972s] DEBUG:colcon.colcon_core.event_handler.log_command:Invoked command in '/home/drone/camera-stream/cam_stream_ws/src/cam_stream' returned '0': PYTHONPATH=/home/drone/camera-stream/cam_stream_ws/build/cam_stream/prefix_override:/usr/lib/python3/dist-packages/colcon_core/task/python/colcon_distutils_commands:/home/drone/camera-stream/cam_stream_ws/install/cam_stream/lib/python3.10/site-packages:${PYTHONPATH} /usr/bin/python3 -W ignore:setup.py install is deprecated -W ignore:easy_install command is deprecated setup.py egg_info --egg-base ../../build/cam_stream build --build-base /home/drone/camera-stream/cam_stream_ws/build/cam_stream/build install --record /home/drone/camera-stream/cam_stream_ws/build/cam_stream/install.log --single-version-externally-managed install_data
[5.981s] Level 1:colcon.colcon_core.environment:checking '/home/drone/camera-stream/cam_stream_ws/install/cam_stream' for CMake module files
[5.984s] Level 1:colcon.colcon_core.environment:checking '/home/drone/camera-stream/cam_stream_ws/install/cam_stream' for CMake config files
[5.988s] Level 1:colcon.colcon_core.environment:checking '/home/drone/camera-stream/cam_stream_ws/install/cam_stream/lib'
[5.989s] Level 1:colcon.colcon_core.environment:checking '/home/drone/camera-stream/cam_stream_ws/install/cam_stream/bin'
[5.989s] Level 1:colcon.colcon_core.environment:checking '/home/drone/camera-stream/cam_stream_ws/install/cam_stream/lib/pkgconfig/cam_stream.pc'
[5.990s] Level 1:colcon.colcon_core.environment:checking '/home/drone/camera-stream/cam_stream_ws/install/cam_stream/lib/python3.10/site-packages'
[5.991s] Level 1:colcon.colcon_core.shell:create_environment_hook('cam_stream', 'pythonpath')
[5.992s] INFO:colcon.colcon_core.shell:Creating environment hook '/home/drone/camera-stream/cam_stream_ws/install/cam_stream/share/cam_stream/hook/pythonpath.ps1'
[5.994s] INFO:colcon.colcon_core.shell:Creating environment descriptor '/home/drone/camera-stream/cam_stream_ws/install/cam_stream/share/cam_stream/hook/pythonpath.dsv'
[5.996s] INFO:colcon.colcon_core.shell:Creating environment hook '/home/drone/camera-stream/cam_stream_ws/install/cam_stream/share/cam_stream/hook/pythonpath.sh'
[5.998s] Level 1:colcon.colcon_core.environment:checking '/home/drone/camera-stream/cam_stream_ws/install/cam_stream/bin'
[5.999s] Level 1:colcon.colcon_core.environment:create_environment_scripts_only(cam_stream)
[6.000s] INFO:colcon.colcon_core.shell:Creating package script '/home/drone/camera-stream/cam_stream_ws/install/cam_stream/share/cam_stream/package.ps1'
[6.003s] INFO:colcon.colcon_core.shell:Creating package descriptor '/home/drone/camera-stream/cam_stream_ws/install/cam_stream/share/cam_stream/package.dsv'
[6.006s] INFO:colcon.colcon_core.shell:Creating package script '/home/drone/camera-stream/cam_stream_ws/install/cam_stream/share/cam_stream/package.sh'
[6.009s] INFO:colcon.colcon_core.shell:Creating package script '/home/drone/camera-stream/cam_stream_ws/install/cam_stream/share/cam_stream/package.bash'
[6.012s] INFO:colcon.colcon_core.shell:Creating package script '/home/drone/camera-stream/cam_stream_ws/install/cam_stream/share/cam_stream/package.zsh'
[6.015s] Level 1:colcon.colcon_core.environment:create_file_with_runtime_dependencies(/home/drone/camera-stream/cam_stream_ws/install/cam_stream/share/colcon-core/packages/cam_stream)
[6.018s] DEBUG:colcon.colcon_parallel_executor.executor.parallel:closing loop
[6.019s] DEBUG:colcon.colcon_parallel_executor.executor.parallel:loop closed
[6.019s] DEBUG:colcon.colcon_parallel_executor.executor.parallel:run_until_complete finished with '0'
[6.020s] DEBUG:colcon.colcon_core.event_reactor:joining thread
[6.045s] INFO:colcon.colcon_core.plugin_system:Skipping extension 'colcon_notification.desktop_notification.terminal_notifier': Not used on non-Darwin systems
[6.045s] INFO:colcon.colcon_core.plugin_system:Skipping extension 'colcon_notification.desktop_notification.win32': Not used on non-Windows systems
[6.045s] INFO:colcon.colcon_notification.desktop_notification:Sending desktop notification using 'notify2'
[6.081s] DEBUG:colcon.colcon_core.event_reactor:joined thread
[6.082s] INFO:colcon.colcon_core.shell:Creating prefix script '/home/drone/camera-stream/cam_stream_ws/install/local_setup.ps1'
[6.086s] INFO:colcon.colcon_core.shell:Creating prefix util module '/home/drone/camera-stream/cam_stream_ws/install/_local_setup_util_ps1.py'
[6.092s] INFO:colcon.colcon_core.shell:Creating prefix chain script '/home/drone/camera-stream/cam_stream_ws/install/setup.ps1'
[6.097s] INFO:colcon.colcon_core.shell:Creating prefix script '/home/drone/camera-stream/cam_stream_ws/install/local_setup.sh'
[6.100s] INFO:colcon.colcon_core.shell:Creating prefix util module '/home/drone/camera-stream/cam_stream_ws/install/_local_setup_util_sh.py'
[6.102s] INFO:colcon.colcon_core.shell:Creating prefix chain script '/home/drone/camera-stream/cam_stream_ws/install/setup.sh'
[6.107s] INFO:colcon.colcon_core.shell:Creating prefix script '/home/drone/camera-stream/cam_stream_ws/install/local_setup.bash'
[6.109s] INFO:colcon.colcon_core.shell:Creating prefix chain script '/home/drone/camera-stream/cam_stream_ws/install/setup.bash'
[6.113s] INFO:colcon.colcon_core.shell:Creating prefix script '/home/drone/camera-stream/cam_stream_ws/install/local_setup.zsh'
[6.116s] INFO:colcon.colcon_core.shell:Creating prefix chain script '/home/drone/camera-stream/cam_stream_ws/install/setup.zsh'
